Build started 9/19/2013 4:49:28 PM.
     1>Project "C:\ProgramData\NVIDIA Corporation\CUDA Samples\v5.5\7_CUDALibraries\conjugateGradientPrecond\conjugateGradientPrecond_vs2012.vcxproj" on node 2 (build target(s)).
     1>C:\Program Files (x86)\MSBuild\Microsoft.Cpp\v4.0\Microsoft.CppBuild.targets(299,5): warning MSB8004: Output Directory does not end with a trailing slash.  This build instance will add the slash as it is required to allow proper evaluation of the Output Directory.
     1>InitializeBuildStatus:
         Creating "Win32/conjugateGradientPrecond.unsuccessfulbuild" because "AlwaysCreate" was specified.
       ClCompile:
         c:\Program Files (x86)\Microsoft Visual Studio 10.0\VC\bin\CL.exe /c /I../../common/inc /I"C:\Program Files\NVIDIA GPU Computing Toolkit\CUDA\v5.5\include" /ZI /nologo /W3 /WX- /Od /Oy- /D WIN32 /D _CRT_SECURE_NO_DEPRECATE /D _MBCS /Gm /EHsc /RTC1 /MDd /GS /fp:precise /Zc:wchar_t /Zc:forScope /Fo"Win32/" /Fd"Win32/vc100.pdb" /Gd /TP /analyze- /errorReport:prompt main.cpp
         main.cpp
       ManifestResourceCompile:
         C:\Program Files (x86)\Microsoft SDKs\Windows\v7.0A\bin\rc.exe /nologo /fo"Win32/conjugateGradientPrecond.exe.embed.manifest.res" Win32/conjugateGradientPrecond_manifest.rc 
       Link:
         c:\Program Files (x86)\Microsoft Visual Studio 10.0\VC\bin\link.exe /ERRORREPORT:PROMPT /OUT:"../../bin/win32/Debug\/conjugateGradientPrecond.exe" /INCREMENTAL /NOLOGO /LIBPATH:"C:\Program Files\NVIDIA GPU Computing Toolkit\CUDA\v5.5\lib\Win32" /LIBPATH:../../common/lib/Win32 cudart_static.lib cublas.lib cusparse.lib kernel32.lib user32.lib gdi32.lib winspool.lib comdlg32.lib advapi32.lib shell32.lib ole32.lib oleaut32.lib uuid.lib odbc32.lib odbccp32.lib kernel32.lib user32.lib gdi32.lib winspool.lib comdlg32.lib advapi32.lib shell32.lib ole32.lib oleaut32.lib uuid.lib odbc32.lib odbccp32.lib /NODEFAULTLIB:libcmtD /NODEFAULTLIB:libcpmtD /MANIFEST /ManifestFile:"Win32/conjugateGradientPrecond.exe.intermediate.manifest" /MANIFESTUAC:"level='asInvoker' uiAccess='false'" /DEBUG /PDB:"C:\ProgramData\NVIDIA Corporation\CUDA Samples\v5.5\bin\win32\Debug\conjugateGradientPrecond.pdb" /SUBSYSTEM:CONSOLE /TLBID:1 /DYNAMICBASE /NXCOMPAT /IMPLIB:"../../bin/win32/Debug\conjugateGradientPrecond.lib" /MACHINE:X86 Win32/conjugateGradientPrecond.exe.embed.manifest.res
         Win32/main.obj
            Creating library ../../bin/win32/Debug\conjugateGradientPrecond.lib and object ../../bin/win32/Debug\conjugateGradientPrecond.exp
       Manifest:
         C:\Program Files (x86)\Microsoft SDKs\Windows\v7.0A\bin\mt.exe /nologo /verbose /out:"Win32/conjugateGradientPrecond.exe.embed.manifest" /manifest Win32/conjugateGradientPrecond.exe.intermediate.manifest
         C:\Program Files (x86)\Microsoft SDKs\Windows\v7.0A\bin\rc.exe /nologo /fo"Win32/conjugateGradientPrecond.exe.embed.manifest.res" Win32/conjugateGradientPrecond_manifest.rc 
       LinkEmbedManifest:
         c:\Program Files (x86)\Microsoft Visual Studio 10.0\VC\bin\link.exe /ERRORREPORT:PROMPT /OUT:"../../bin/win32/Debug\/conjugateGradientPrecond.exe" /INCREMENTAL /NOLOGO /LIBPATH:"C:\Program Files\NVIDIA GPU Computing Toolkit\CUDA\v5.5\lib\Win32" /LIBPATH:../../common/lib/Win32 cudart_static.lib cublas.lib cusparse.lib kernel32.lib user32.lib gdi32.lib winspool.lib comdlg32.lib advapi32.lib shell32.lib ole32.lib oleaut32.lib uuid.lib odbc32.lib odbccp32.lib kernel32.lib user32.lib gdi32.lib winspool.lib comdlg32.lib advapi32.lib shell32.lib ole32.lib oleaut32.lib uuid.lib odbc32.lib odbccp32.lib /NODEFAULTLIB:libcmtD /NODEFAULTLIB:libcpmtD /MANIFEST /ManifestFile:"Win32/conjugateGradientPrecond.exe.intermediate.manifest" /MANIFESTUAC:"level='asInvoker' uiAccess='false'" /DEBUG /PDB:"C:\ProgramData\NVIDIA Corporation\CUDA Samples\v5.5\bin\win32\Debug\conjugateGradientPrecond.pdb" /SUBSYSTEM:CONSOLE /TLBID:1 /DYNAMICBASE /NXCOMPAT /IMPLIB:"../../bin/win32/Debug\conjugateGradientPrecond.lib" /MACHINE:X86 Win32/conjugateGradientPrecond.exe.embed.manifest.res
         Win32/main.obj
            Creating library ../../bin/win32/Debug\conjugateGradientPrecond.lib and object ../../bin/win32/Debug\conjugateGradientPrecond.exp
         conjugateGradientPrecond_vs2012.vcxproj -> C:\ProgramData\NVIDIA Corporation\CUDA Samples\v5.5\7_CUDALibraries\conjugateGradientPrecond\../../bin/win32/Debug\conjugateGradientPrecond.exe
       FinalizeBuildStatus:
         Deleting file "Win32/conjugateGradientPrecond.unsuccessfulbuild".
         Touching "Win32/conjugateGradientPrecond.lastbuildstate".
     1>Done Building Project "C:\ProgramData\NVIDIA Corporation\CUDA Samples\v5.5\7_CUDALibraries\conjugateGradientPrecond\conjugateGradientPrecond_vs2012.vcxproj" (build target(s)).

Build succeeded.

Time Elapsed 00:00:01.86
