Build started 11/8/2013 2:21:51 PM.
     1>Project "C:\Users\lorraine\Desktop\CG on GPU\Code\Finished_Code\conjugateGradientPrecond\conjugateGradientPrecond_vs2010.vcxproj" on node 2 (build target(s)).
     1>C:\Program Files (x86)\MSBuild\Microsoft.Cpp\v4.0\Microsoft.CppBuild.targets(299,5): warning MSB8004: Output Directory does not end with a trailing slash.  This build instance will add the slash as it is required to allow proper evaluation of the Output Directory.
     1>InitializeBuildStatus:
         Creating "Win32/conjugateGradientPrecond.unsuccessfulbuild" because "AlwaysCreate" was specified.
       ClCompile:
         c:\Program Files (x86)\Microsoft Visual Studio 10.0\VC\bin\CL.exe /c /I"C:\Users\lorraine\Desktop\CG on GPU\Code\Finished_Code\conjugateGradientPrecond\additional" /I../../common/inc /I"C:\Program Files\NVIDIA GPU Computing Toolkit\CUDA\v5.5\include" /ZI /nologo /W3 /WX- /Od /Oy- /D WIN32 /D _CRT_SECURE_NO_DEPRECATE /D _MBCS /Gm /EHsc /RTC1 /MDd /GS /fp:precise /Zc:wchar_t /Zc:forScope /Fo"Win32/" /Fd"Win32/vc100.pdb" /Gd /TP /analyze- /errorReport:prompt main.cpp
         main.cpp
     1>c:\users\lorraine\desktop\cg on gpu\code\finished_code\conjugategradientprecond\main.cpp(42): warning C4101: 'dot' : unreferenced local variable
     1>c:\users\lorraine\desktop\cg on gpu\code\finished_code\conjugategradientprecond\main.cpp(39): warning C4101: 'valsILU0' : unreferenced local variable
     1>c:\users\lorraine\desktop\cg on gpu\code\finished_code\conjugategradientprecond\main.cpp(38): warning C4101: 'd_valsILU0' : unreferenced local variable
     1>c:\users\lorraine\desktop\cg on gpu\code\finished_code\conjugategradientprecond\main.cpp(48): warning C4101: 'temp4' : unreferenced local variable
     1>c:\users\lorraine\desktop\cg on gpu\code\finished_code\conjugategradientprecond\main.cpp(33): warning C4101: 'r0' : unreferenced local variable
     1>c:\users\lorraine\desktop\cg on gpu\code\finished_code\conjugategradientprecond\main.cpp(41): warning C4101: 'qaerr1' : unreferenced local variable
       ManifestResourceCompile:
         All outputs are up-to-date.
       Link:
         c:\Program Files (x86)\Microsoft Visual Studio 10.0\VC\bin\link.exe /ERRORREPORT:PROMPT /OUT:"../../bin/win32/Debug\/conjugateGradientPrecond.exe" /INCREMENTAL /NOLOGO /LIBPATH:"C:\Program Files\NVIDIA GPU Computing Toolkit\CUDA\v5.5\lib\Win32" /LIBPATH:../../common/lib/Win32 cudart_static.lib cublas.lib cusparse.lib kernel32.lib user32.lib gdi32.lib winspool.lib comdlg32.lib advapi32.lib shell32.lib ole32.lib oleaut32.lib uuid.lib odbc32.lib odbccp32.lib kernel32.lib user32.lib gdi32.lib winspool.lib comdlg32.lib advapi32.lib shell32.lib ole32.lib oleaut32.lib uuid.lib odbc32.lib odbccp32.lib /NODEFAULTLIB:libcmtD /NODEFAULTLIB:libcpmtD /MANIFEST /ManifestFile:"Win32/conjugateGradientPrecond.exe.intermediate.manifest" /MANIFESTUAC:"level='asInvoker' uiAccess='false'" /DEBUG /PDB:"C:\Users\lorraine\Desktop\CG on GPU\Code\bin\win32\Debug\conjugateGradientPrecond.pdb" /SUBSYSTEM:CONSOLE /TLBID:1 /DYNAMICBASE /NXCOMPAT /IMPLIB:"../../bin/win32/Debug\conjugateGradientPrecond.lib" /MACHINE:X86 Win32/conjugateGradientPrecond.exe.embed.manifest.res
         Win32/main.obj
       Manifest:
         C:\Program Files (x86)\Microsoft SDKs\Windows\v7.0A\bin\mt.exe /nologo /verbose /out:"Win32/conjugateGradientPrecond.exe.embed.manifest" /manifest Win32/conjugateGradientPrecond.exe.intermediate.manifest
         All outputs are up-to-date.
       LinkEmbedManifest:
         All outputs are up-to-date.
         conjugateGradientPrecond_vs2010.vcxproj -> C:\Users\lorraine\Desktop\CG on GPU\Code\Finished_Code\conjugateGradientPrecond\../../bin/win32/Debug\conjugateGradientPrecond.exe
       FinalizeBuildStatus:
         Deleting file "Win32/conjugateGradientPrecond.unsuccessfulbuild".
         Touching "Win32/conjugateGradientPrecond.lastbuildstate".
     1>Done Building Project "C:\Users\lorraine\Desktop\CG on GPU\Code\Finished_Code\conjugateGradientPrecond\conjugateGradientPrecond_vs2010.vcxproj" (build target(s)).

Build succeeded.

Time Elapsed 00:00:01.58
