Build started 11/7/2013 3:10:00 PM.
     1>Project "C:\Users\lorraine\Desktop\CG on GPU\Code\Finished_Code\conjugateGradient\conjugateGradient_vs2010.vcxproj" on node 2 (build target(s)).
     1>C:\Program Files (x86)\MSBuild\Microsoft.Cpp\v4.0\Microsoft.CppBuild.targets(298,5): warning MSB8004: Intermediate Directory does not end with a trailing slash.  This build instance will add the slash as it is required to allow proper evaluation of the Intermediate Directory.
     1>C:\Program Files (x86)\MSBuild\Microsoft.Cpp\v4.0\Microsoft.CppBuild.targets(299,5): warning MSB8004: Output Directory does not end with a trailing slash.  This build instance will add the slash as it is required to allow proper evaluation of the Output Directory.
     1>InitializeBuildStatus:
         Creating "Win32/Debug\conjugateGradient.unsuccessfulbuild" because "AlwaysCreate" was specified.
       ClCompile:
         c:\Program Files (x86)\Microsoft Visual Studio 10.0\VC\bin\CL.exe /c /I"C:\Users\lorraine\Desktop\CG on GPU\Code\Finished_Code\conjugateGradient\additional" /I../../common/inc /I"C:\Program Files\NVIDIA GPU Computing Toolkit\CUDA\v5.5\include" /I"C:\Users\lorraine\Desktop\CG on GPU\Code\conjugateGradient\additional" /ZI /nologo /W3 /WX- /Od /Oy- /D WIN32 /D _CRT_SECURE_NO_DEPRECATE /D _MBCS /Gm /EHsc /RTC1 /MDd /GS /fp:precise /Zc:wchar_t /Zc:forScope /Fo"Win32/Debug\\" /Fd"Win32/Debug\vc100.pdb" /Gd /TP /analyze- /errorReport:prompt main.cpp
         main.cpp
     1>c:\users\lorraine\desktop\cg on gpu\code\finished_code\conjugategradient\main.cpp(40): warning C4101: 'temp4' : unreferenced local variable
       ManifestResourceCompile:
         All outputs are up-to-date.
       Link:
         c:\Program Files (x86)\Microsoft Visual Studio 10.0\VC\bin\link.exe /ERRORREPORT:PROMPT /OUT:"../../bin/win32/Debug\/conjugateGradient.exe" /INCREMENTAL /NOLOGO /LIBPATH:"C:\Program Files\NVIDIA GPU Computing Toolkit\CUDA\v5.5\lib\Win32" /LIBPATH:../../common/lib/Win32 cudart_static.lib cublas.lib cusparse.lib kernel32.lib user32.lib gdi32.lib winspool.lib comdlg32.lib advapi32.lib shell32.lib ole32.lib oleaut32.lib uuid.lib odbc32.lib odbccp32.lib kernel32.lib user32.lib gdi32.lib winspool.lib comdlg32.lib advapi32.lib shell32.lib ole32.lib oleaut32.lib uuid.lib odbc32.lib odbccp32.lib /NODEFAULTLIB:libcmtD /NODEFAULTLIB:libcpmtD /MANIFEST /ManifestFile:"Win32/Debug\conjugateGradient.exe.intermediate.manifest" /MANIFESTUAC:"level='asInvoker' uiAccess='false'" /DEBUG /PDB:"C:\Users\lorraine\Desktop\CG on GPU\Code\bin\win32\Debug\conjugateGradient.pdb" /SUBSYSTEM:CONSOLE /TLBID:1 /DYNAMICBASE /NXCOMPAT /IMPLIB:"../../bin/win32/Debug\conjugateGradient.lib" /MACHINE:X86 Win32/Debug\conjugateGradient.exe.embed.manifest.res
         Win32/Debug\main.obj
       Manifest:
         C:\Program Files (x86)\Microsoft SDKs\Windows\v7.0A\bin\mt.exe /nologo /verbose /out:"Win32/Debug\conjugateGradient.exe.embed.manifest" /manifest Win32/Debug\conjugateGradient.exe.intermediate.manifest
         All outputs are up-to-date.
       LinkEmbedManifest:
         All outputs are up-to-date.
         conjugateGradient_vs2010.vcxproj -> C:\Users\lorraine\Desktop\CG on GPU\Code\Finished_Code\conjugateGradient\../../bin/win32/Debug\conjugateGradient.exe
       FinalizeBuildStatus:
         Deleting file "Win32/Debug\conjugateGradient.unsuccessfulbuild".
         Touching "Win32/Debug\conjugateGradient.lastbuildstate".
     1>Done Building Project "C:\Users\lorraine\Desktop\CG on GPU\Code\Finished_Code\conjugateGradient\conjugateGradient_vs2010.vcxproj" (build target(s)).

Build succeeded.

Time Elapsed 00:00:01.50
