Build started 11/7/2013 1:29:26 PM.
     1>Project "C:\Users\lorraine\Desktop\CG on GPU\Code\Finished_Code\Dense_Conjugate_Gradient\conjugateGradient_vs2010.vcxproj" on node 2 (build target(s)).
     1>C:\Program Files (x86)\MSBuild\Microsoft.Cpp\v4.0\Microsoft.CppBuild.targets(298,5): warning MSB8004: Intermediate Directory does not end with a trailing slash.  This build instance will add the slash as it is required to allow proper evaluation of the Intermediate Directory.
     1>C:\Program Files (x86)\MSBuild\Microsoft.Cpp\v4.0\Microsoft.CppBuild.targets(299,5): warning MSB8004: Output Directory does not end with a trailing slash.  This build instance will add the slash as it is required to allow proper evaluation of the Output Directory.
     1>InitializeBuildStatus:
         Creating "Win32/Debug\conjugateGradient.unsuccessfulbuild" because "AlwaysCreate" was specified.
       ClCompile:
         All outputs are up-to-date.
       ManifestResourceCompile:
         All outputs are up-to-date.
       Link:
         All outputs are up-to-date.
       Manifest:
         All outputs are up-to-date.
       FinalizeBuildStatus:
         Deleting file "Win32/Debug\conjugateGradient.unsuccessfulbuild".
         Touching "Win32/Debug\conjugateGradient.lastbuildstate".
     1>Done Building Project "C:\Users\lorraine\Desktop\CG on GPU\Code\Finished_Code\Dense_Conjugate_Gradient\conjugateGradient_vs2010.vcxproj" (build target(s)).

Build succeeded.

Time Elapsed 00:00:00.31
